<?xml version="1.0" encoding="UTF-8"?>
<testsuite xmlns:xsi="http://www.w3.org/2001/XMLSchema-instance" xsi:noNamespaceSchemaLocation="https://maven.apache.org/surefire/maven-surefire-plugin/xsd/surefire-test-report-3.0.xsd" version="3.0" name="TestSuite" time="1.447" tests="53" errors="0" skipped="0" failures="0">
  <properties>
    <property name="java.specification.version" value="22"/>
    <property name="sun.cpu.isalist" value="amd64"/>
    <property name="sun.jnu.encoding" value="Cp1252"/>
    <property name="java.class.path" value="C:\Users\corne\Documents\NetBeansProjects\mybank\target\test-classes;C:\Users\corne\Documents\NetBeansProjects\mybank\target\classes;C:\Users\corne\.m2\repository\org\testng\testng\6.8.1\testng-6.8.1.jar;C:\Users\corne\.m2\repository\junit\junit\4.10\junit-4.10.jar;C:\Users\corne\.m2\repository\org\hamcrest\hamcrest-core\1.1\hamcrest-core-1.1.jar;C:\Users\corne\.m2\repository\org\beanshell\bsh\2.0b4\bsh-2.0b4.jar;C:\Users\corne\.m2\repository\com\beust\jcommander\1.27\jcommander-1.27.jar;C:\Users\corne\.m2\repository\org\yaml\snakeyaml\1.6\snakeyaml-1.6.jar;"/>
    <property name="java.vm.vendor" value="Oracle Corporation"/>
    <property name="sun.arch.data.model" value="64"/>
    <property name="user.variant" value=""/>
    <property name="java.vendor.url" value="https://java.oracle.com/"/>
    <property name="user.timezone" value="America/Chicago"/>
    <property name="os.name" value="Windows 11"/>
    <property name="java.vm.specification.version" value="22"/>
    <property name="user.country" value="US"/>
    <property name="sun.java.launcher" value="SUN_STANDARD"/>
    <property name="sun.boot.library.path" value="C:\Program Files\Java\jdk-22\bin"/>
    <property name="sun.java.command" value="C:\Users\corne\AppData\Local\Temp\surefire1894765113341391265\surefirebooter-20240807133121328_3.jar C:\Users\corne\AppData\Local\Temp\surefire1894765113341391265 2024-08-07T13-31-21_138-jvmRun1 surefire-20240807133121328_1tmp surefire_0-20240807133121328_2tmp"/>
    <property name="jdk.debug" value="release"/>
    <property name="surefire.test.class.path" value="C:\Users\corne\Documents\NetBeansProjects\mybank\target\test-classes;C:\Users\corne\Documents\NetBeansProjects\mybank\target\classes;C:\Users\corne\.m2\repository\org\testng\testng\6.8.1\testng-6.8.1.jar;C:\Users\corne\.m2\repository\junit\junit\4.10\junit-4.10.jar;C:\Users\corne\.m2\repository\org\hamcrest\hamcrest-core\1.1\hamcrest-core-1.1.jar;C:\Users\corne\.m2\repository\org\beanshell\bsh\2.0b4\bsh-2.0b4.jar;C:\Users\corne\.m2\repository\com\beust\jcommander\1.27\jcommander-1.27.jar;C:\Users\corne\.m2\repository\org\yaml\snakeyaml\1.6\snakeyaml-1.6.jar;"/>
    <property name="sun.cpu.endian" value="little"/>
    <property name="user.home" value="C:\Users\corne"/>
    <property name="user.language" value="en"/>
    <property name="java.specification.vendor" value="Oracle Corporation"/>
    <property name="java.version.date" value="2024-04-16"/>
    <property name="java.home" value="C:\Program Files\Java\jdk-22"/>
    <property name="file.separator" value="\"/>
    <property name="basedir" value="C:\Users\corne\Documents\NetBeansProjects\mybank"/>
    <property name="java.vm.compressedOopsMode" value="32-bit"/>
    <property name="line.separator" value="&#10;"/>
    <property name="java.vm.specification.vendor" value="Oracle Corporation"/>
    <property name="java.specification.name" value="Java Platform API Specification"/>
    <property name="surefire.real.class.path" value="C:\Users\corne\AppData\Local\Temp\surefire1894765113341391265\surefirebooter-20240807133121328_3.jar"/>
    <property name="user.script" value=""/>
    <property name="sun.management.compiler" value="HotSpot 64-Bit Tiered Compilers"/>
    <property name="java.runtime.version" value="22.0.1+8-16"/>
    <property name="user.name" value="Cornel"/>
    <property name="stdout.encoding" value="Cp1252"/>
    <property name="path.separator" value=";"/>
    <property name="os.version" value="10.0"/>
    <property name="java.runtime.name" value="Java(TM) SE Runtime Environment"/>
    <property name="file.encoding" value="UTF-8"/>
    <property name="java.vm.name" value="Java HotSpot(TM) 64-Bit Server VM"/>
    <property name="maven.ext.class.path" value="C:\Program Files\NetBeans-21\netbeans\java\maven-nblib\netbeans-eventspy.jar"/>
    <property name="localRepository" value="C:\Users\corne\.m2\repository"/>
    <property name="java.vendor.url.bug" value="https://bugreport.java.com/bugreport/"/>
    <property name="java.io.tmpdir" value="C:\Users\corne\AppData\Local\Temp\"/>
    <property name="java.version" value="22.0.1"/>
    <property name="user.dir" value="C:\Users\corne\Documents\NetBeansProjects\mybank"/>
    <property name="os.arch" value="amd64"/>
    <property name="java.vm.specification.name" value="Java Virtual Machine Specification"/>
    <property name="sun.os.patch.level" value=""/>
    <property name="native.encoding" value="Cp1252"/>
    <property name="java.library.path" value="C:\Program Files\Java\jdk-22\bin;C:\WINDOWS\Sun\Java\bin;C:\WINDOWS\system32;C:\WINDOWS;C:\Program Files\Common Files\Oracle\Java\javapath;C:\Program Files (x86)\Common Files\Oracle\Java\java8path;C:\Program Files (x86)\Common Files\Oracle\Java\javapath;C:\WINDOWS\system32;C:\WINDOWS;C:\WINDOWS\System32\Wbem;C:\WINDOWS\System32\WindowsPowerShell\v1.0\;C:\WINDOWS\System32\OpenSSH\;C:\Program Files (x86)\Intel\Intel(R) Management Engine Components\DAL;C:\Program Files\Intel\Intel(R) Management Engine Components\DAL;C:\Program Files\dotnet\;C:\Program Files\Git\cmd;C:\Users\corne\AppData\Local\Microsoft\WindowsApps;;C:\Users\corne\AppData\Local\Programs\Microsoft VS Code\bin;."/>
    <property name="java.vm.info" value="mixed mode, sharing"/>
    <property name="stderr.encoding" value="Cp1252"/>
    <property name="java.vendor" value="Oracle Corporation"/>
    <property name="java.vm.version" value="22.0.1+8-16"/>
    <property name="sun.io.unicode.encoding" value="UnicodeLittle"/>
    <property name="java.class.version" value="66.0"/>
  </properties>
  <testcase name="testAccountBalance" classname="test.com.itexps.Account1Test" time="0.007"/>
  <testcase name="testAccountCustomerName" classname="test.com.itexps.Account1Test" time="0.0"/>
  <testcase name="testAccountID" classname="test.com.itexps.Account1Test" time="0.001"/>
  <testcase name="testAccountType" classname="test.com.itexps.Account1Test" time="0.0"/>
  <testcase name="testCheckBalance" classname="test.com.itexps.Account1Test" time="0.002"/>
  <testcase name="testDeposit" classname="test.com.itexps.Account1Test" time="0.023">
    <system-out><![CDATA[Your new balance is =1500.0
]]></system-out>
  </testcase>
  <testcase name="testDepositNegativeAmount" classname="test.com.itexps.Account1Test" time="0.0"/>
  <testcase name="testSetBalance" classname="test.com.itexps.Account1Test" time="0.0"/>
  <testcase name="testToString" classname="test.com.itexps.Account1Test" time="0.028">
    <system-out><![CDATA[Actual toString() output: Account{accountID=1, accountType=CHECKING, balance=1000.0, customerName='John Doe'}
Expected toString() output: Account{accountID=1, accountType=CHECKING, balance=1000.0, customerName='John Doe'}
]]></system-out>
  </testcase>
  <testcase name="testWithdraw" classname="test.com.itexps.Account1Test" time="0.003">
    <system-out><![CDATA[Your new balance is =800.0
]]></system-out>
  </testcase>
  <testcase name="testWithdrawNegativeAmount" classname="test.com.itexps.Account1Test" time="0.0"/>
  <testcase name="testWithdrawOutOfFunds" classname="test.com.itexps.Account1Test" time="0.0"/>
  <testcase name="testSavings" classname="test.com.itexps.SavingsTest" time="0.0"/>
  <testcase name="testToString" classname="test.com.itexps.SavingsTest" time="0.002"/>
  <testcase name="testAddOrUpdateAccount" classname="test.com.itexps.BankTest" time="0.001"/>
  <testcase name="testAddOrUpdateCustomer" classname="test.com.itexps.BankTest" time="0.01"/>
  <testcase name="testAddOrUpdateEmployee" classname="test.com.itexps.BankTest" time="0.008"/>
  <testcase name="testBankAddress" classname="test.com.itexps.BankTest" time="0.0"/>
  <testcase name="testBankId" classname="test.com.itexps.BankTest" time="0.001"/>
  <testcase name="testBankName" classname="test.com.itexps.BankTest" time="0.001"/>
  <testcase name="testSaveAndLoadData" classname="test.com.itexps.BankTest" time="0.014">
    <system-out><![CDATA[Data saved successfully to file: c:\data\mybank.txt
Data loaded successfully from file: c:\data\mybank.txt
]]></system-out>
  </testcase>
  <testcase name="testSearchAccountByID" classname="test.com.itexps.BankTest" time="0.0"/>
  <testcase name="testSearchCustomerByID" classname="test.com.itexps.BankTest" time="0.0"/>
  <testcase name="testSearchEmployeeByID" classname="test.com.itexps.BankTest" time="0.001"/>
  <testcase name="testfilePath" classname="test.com.itexps.BankTest" time="0.0"/>
  <testcase name="testBusiness" classname="test.com.itexps.BusinessTest" time="0.001"/>
  <testcase name="testToString" classname="test.com.itexps.BusinessTest" time="0.003"/>
  <testcase name="testChecking" classname="test.com.itexps.CheckingTest" time="0.001"/>
  <testcase name="testToString" classname="test.com.itexps.CheckingTest" time="0.0"/>
  <testcase name="testConstructor" classname="test.com.itexps.ContractorTest" time="0.0"/>
  <testcase name="testToString" classname="test.com.itexps.ContractorTest" time="0.001"/>
  <testcase name="testBusinessCustomerID" classname="test.com.itexps.CustomerTest" time="0.0"/>
  <testcase name="testBusinessCustomerName" classname="test.com.itexps.CustomerTest" time="0.001"/>
  <testcase name="testBusinessCustomerType" classname="test.com.itexps.CustomerTest" time="0.0"/>
  <testcase name="testCustomerID" classname="test.com.itexps.CustomerTest" time="0.001"/>
  <testcase name="testCustomerName" classname="test.com.itexps.CustomerTest" time="0.001"/>
  <testcase name="testCustomerType" classname="test.com.itexps.CustomerTest" time="0.0"/>
  <testcase name="testIndividualCustomerID" classname="test.com.itexps.CustomerTest" time="0.001"/>
  <testcase name="testIndividualCustomerName" classname="test.com.itexps.CustomerTest" time="0.003"/>
  <testcase name="testIndividualCustomerType" classname="test.com.itexps.CustomerTest" time="0.007"/>
  <testcase name="testToString" classname="test.com.itexps.CustomerTest" time="0.002"/>
  <testcase name="testEmployeeID" classname="test.com.itexps.EmployeeTest" time="0.001"/>
  <testcase name="testEmployeeName" classname="test.com.itexps.EmployeeTest" time="0.0"/>
  <testcase name="testEmployeeToString" classname="test.com.itexps.EmployeeTest" time="0.001"/>
  <testcase name="testEmployeeType" classname="test.com.itexps.EmployeeTest" time="0.0"/>
  <testcase name="testDepositOnFixedDeposit" classname="test.com.itexps.FixedDepositTest" time="0.003">
    <system-out><![CDATA[Your new balance is =6000.0
]]></system-out>
  </testcase>
  <testcase name="testFixedDeposit" classname="test.com.itexps.FixedDepositTest" time="0.001"/>
  <testcase name="testToString" classname="test.com.itexps.FixedDepositTest" time="0.001"/>
  <testcase name="testWithdrawalOnFixedDeposit" classname="test.com.itexps.FixedDepositTest" time="0.002">
    <system-out><![CDATA[Your new balance is =4000.0
]]></system-out>
  </testcase>
  <testcase name="testFullTime" classname="test.com.itexps.FullTimeTest" time="0.001"/>
  <testcase name="testToString" classname="test.com.itexps.FullTimeTest" time="0.003"/>
  <testcase name="testIndividual" classname="test.com.itexps.IndividualTest" time="0.001"/>
  <testcase name="testToString" classname="test.com.itexps.IndividualTest" time="0.001"/>
</testsuite>