<?xml version="1.0" encoding="UTF-8"?>
<!-- Generated by org.testng.reporters.JUnitReportReporter -->
<testsuite hostname="DESKTOP-ALEB1IN" failures="0" tests="12" name="test.com.itexps.Account1Test" time="0.072" errors="0" timestamp="7 Aug 2024 18:31:23 GMT">
  <testcase classname="test.com.itexps.Account1Test" name="testToString" time="0.025"/>
  <testcase classname="test.com.itexps.Account1Test" name="testWithdraw" time="0.001"/>
  <testcase classname="test.com.itexps.Account1Test" name="testAccountID" time="0.001"/>
  <testcase classname="test.com.itexps.Account1Test" name="testAccountBalance" time="0.010"/>
  <testcase classname="test.com.itexps.Account1Test" name="testDepositNegativeAmount" time="0.002"/>
  <testcase classname="test.com.itexps.Account1Test" name="testWithdrawNegativeAmount" time="0.009"/>
  <testcase classname="test.com.itexps.Account1Test" name="testCheckBalance" time="0.004"/>
  <testcase classname="test.com.itexps.Account1Test" name="testDeposit" time="0.016"/>
  <testcase classname="test.com.itexps.Account1Test" name="testAccountType" time="0.001"/>
  <testcase classname="test.com.itexps.Account1Test" name="testWithdrawOutOfFunds" time="0.001"/>
  <testcase classname="test.com.itexps.Account1Test" name="testSetBalance" time="0.001"/>
  <testcase classname="test.com.itexps.Account1Test" name="testAccountCustomerName" time="0.001"/>
</testsuite> <!-- test.com.itexps.Account1Test -->
