<?xml version="1.0" encoding="UTF-8"?>
<!-- Generated by org.testng.reporters.JUnitReportReporter -->
<testsuite hostname="DESKTOP-ALEB1IN" failures="0" tests="4" name="test.com.itexps.EmployeeTest" time="0.007" errors="0" timestamp="7 Aug 2024 18:31:23 GMT">
  <testcase classname="test.com.itexps.EmployeeTest" name="testEmployeeID" time="0.000"/>
  <testcase classname="test.com.itexps.EmployeeTest" name="testEmployeeType" time="0.000"/>
  <testcase classname="test.com.itexps.EmployeeTest" name="testEmployeeName" time="0.003"/>
  <testcase classname="test.com.itexps.EmployeeTest" name="testEmployeeToString" time="0.004"/>
</testsuite> <!-- test.com.itexps.EmployeeTest -->
