<?xml version="1.0" encoding="UTF-8"?>
<!-- Generated by org.testng.reporters.JUnitReportReporter -->
<testsuite hostname="DESKTOP-ALEB1IN" failures="0" tests="4" name="test.com.itexps.FixedDepositTest" time="0.007" errors="0" timestamp="7 Aug 2024 18:31:23 GMT">
  <testcase classname="test.com.itexps.FixedDepositTest" name="testDepositOnFixedDeposit" time="0.003"/>
  <testcase classname="test.com.itexps.FixedDepositTest" name="testFixedDeposit" time="0.000"/>
  <testcase classname="test.com.itexps.FixedDepositTest" name="testToString" time="0.004"/>
  <testcase classname="test.com.itexps.FixedDepositTest" name="testWithdrawalOnFixedDeposit" time="0.000"/>
</testsuite> <!-- test.com.itexps.FixedDepositTest -->
