<?xml version="1.0" encoding="UTF-8"?>
<!-- Generated by org.testng.reporters.JUnitReportReporter -->
<testsuite hostname="DESKTOP-ALEB1IN" failures="0" tests="2" name="test.com.itexps.SavingsTest" time="0.006" errors="0" timestamp="7 Aug 2024 18:31:23 GMT">
  <testcase classname="test.com.itexps.SavingsTest" name="testSavings" time="0.002"/>
  <testcase classname="test.com.itexps.SavingsTest" name="testToString" time="0.004"/>
</testsuite> <!-- test.com.itexps.SavingsTest -->
