<?xml version="1.0" encoding="UTF-8"?>
<!-- Generated by org.testng.reporters.JUnitReportReporter -->
<testsuite hostname="DESKTOP-ALEB1IN" failures="0" tests="2" name="test.com.itexps.CheckingTest" time="0.007" errors="0" timestamp="7 Aug 2024 18:31:23 GMT">
  <testcase classname="test.com.itexps.CheckingTest" name="testChecking" time="0.001"/>
  <testcase classname="test.com.itexps.CheckingTest" name="testToString" time="0.006"/>
</testsuite> <!-- test.com.itexps.CheckingTest -->
