<?xml version="1.0" encoding="UTF-8"?>
<!-- Generated by org.testng.reporters.JUnitReportReporter -->
<testsuite hostname="DESKTOP-ALEB1IN" failures="0" tests="2" name="test.com.itexps.IndividualTest" time="0.003" errors="0" timestamp="7 Aug 2024 18:31:23 GMT">
  <testcase classname="test.com.itexps.IndividualTest" name="testToString" time="0.003"/>
  <testcase classname="test.com.itexps.IndividualTest" name="testIndividual" time="0.000"/>
</testsuite> <!-- test.com.itexps.IndividualTest -->
