<?xml version="1.0" encoding="UTF-8"?>
<!-- Generated by org.testng.reporters.JUnitReportReporter -->
<testsuite hostname="DESKTOP-ALEB1IN" failures="0" tests="11" name="test.com.itexps.BankTest" time="0.037" errors="0" timestamp="7 Aug 2024 18:31:23 GMT">
  <testcase classname="test.com.itexps.BankTest" name="testfilePath" time="0.001"/>
  <testcase classname="test.com.itexps.BankTest" name="testBankId" time="0.001"/>
  <testcase classname="test.com.itexps.BankTest" name="testBankName" time="0.001"/>
  <testcase classname="test.com.itexps.BankTest" name="testAddOrUpdateCustomer" time="0.010"/>
  <testcase classname="test.com.itexps.BankTest" name="testBankAddress" time="0.002"/>
  <testcase classname="test.com.itexps.BankTest" name="testSaveAndLoadData" time="0.012"/>
  <testcase classname="test.com.itexps.BankTest" name="testSearchCustomerByID" time="0.000"/>
  <testcase classname="test.com.itexps.BankTest" name="testAddOrUpdateAccount" time="0.001"/>
  <testcase classname="test.com.itexps.BankTest" name="testSearchAccountByID" time="0.001"/>
  <testcase classname="test.com.itexps.BankTest" name="testAddOrUpdateEmployee" time="0.008"/>
  <testcase classname="test.com.itexps.BankTest" name="testSearchEmployeeByID" time="0.000"/>
</testsuite> <!-- test.com.itexps.BankTest -->
