<?xml version="1.0" encoding="UTF-8"?>
<!-- Generated by org.testng.reporters.JUnitReportReporter -->
<testsuite hostname="DESKTOP-ALEB1IN" failures="0" tests="10" name="test.com.itexps.CustomerTest" time="0.022" errors="0" timestamp="7 Aug 2024 18:31:23 GMT">
  <testcase classname="test.com.itexps.CustomerTest" name="testIndividualCustomerID" time="0.003"/>
  <testcase classname="test.com.itexps.CustomerTest" name="testIndividualCustomerName" time="0.005"/>
  <testcase classname="test.com.itexps.CustomerTest" name="testBusinessCustomerID" time="0.000"/>
  <testcase classname="test.com.itexps.CustomerTest" name="testToString" time="0.002"/>
  <testcase classname="test.com.itexps.CustomerTest" name="testCustomerType" time="0.001"/>
  <testcase classname="test.com.itexps.CustomerTest" name="testCustomerID" time="0.001"/>
  <testcase classname="test.com.itexps.CustomerTest" name="testCustomerName" time="0.000"/>
  <testcase classname="test.com.itexps.CustomerTest" name="testBusinessCustomerType" time="0.003"/>
  <testcase classname="test.com.itexps.CustomerTest" name="testBusinessCustomerName" time="0.002"/>
  <testcase classname="test.com.itexps.CustomerTest" name="testIndividualCustomerType" time="0.005"/>
</testsuite> <!-- test.com.itexps.CustomerTest -->
