<?xml version="1.0" encoding="UTF-8"?>
<!-- Generated by org.testng.reporters.JUnitReportReporter -->
<testsuite hostname="DESKTOP-ALEB1IN" failures="0" tests="2" name="test.com.itexps.ContractorTest" time="0.004" errors="0" timestamp="7 Aug 2024 18:31:23 GMT">
  <testcase classname="test.com.itexps.ContractorTest" name="testConstructor" time="0.001"/>
  <testcase classname="test.com.itexps.ContractorTest" name="testToString" time="0.003"/>
</testsuite> <!-- test.com.itexps.ContractorTest -->
